<?xml version="1.0" encoding="UTF-8"?>
<testsuite xmlns:xsi="http://www.w3.org/2001/XMLSchema-instance" xsi:noNamespaceSchemaLocation="https://maven.apache.org/surefire/maven-surefire-plugin/xsd/surefire-test-report.xsd" name="p2p.auction.mechanism.DAO.P2PAuctionDAOTests" time="24.494" tests="4" errors="0" skipped="0" failures="0">
  <properties>
[...]
</properties>
  <testcase name="testReadLastBid" classname="p2p.auction.mechanism.DAO.P2PAuctionDAOTests" time="0.891"/>
  <testcase name="testUpdateGetAll" classname="p2p.auction.mechanism.DAO.P2PAuctionDAOTests" time="1.981"/>
  <testcase name="testReadEmptyAuction" classname="p2p.auction.mechanism.DAO.P2PAuctionDAOTests" time="0"/>
  <testcase name="testUpdate" classname="p2p.auction.mechanism.DAO.P2PAuctionDAOTests" time="0.269"/>
</testsuite>